[debug] [2026-07-15T00:28:21.602Z] ----------------------------------------------------------------------
[debug] [2026-07-15T00:28:21.603Z] Command:       /Users/schomer/.nvm/versions/node/v24.16.0/bin/node /Users/schomer/.npm/_npx/ba4f1959e38407b5/node_modules/.bin/firebase deploy --only hosting --project malloy-data
[debug] [2026-07-15T00:28:21.603Z] CLI Version:   15.23.0
[debug] [2026-07-15T00:28:21.603Z] Platform:      darwin
[debug] [2026-07-15T00:28:21.603Z] Node Version:  v24.16.0
[debug] [2026-07-15T00:28:21.603Z] Detected Agent: antigravity
[debug] [2026-07-15T00:28:21.603Z] Time:          Tue Jul 14 2026 17:28:21 GMT-0700 (Pacific Daylight Time)
[debug] [2026-07-15T00:28:21.603Z] ----------------------------------------------------------------------
[debug] 
[debug] [2026-07-15T00:28:21.978Z] > command requires scopes: ["email","openid","https://www.googleapis.com/auth/cloudplatformprojects.readonly","https://www.googleapis.com/auth/firebase","https://www.googleapis.com/auth/cloud-platform"]
[debug] [2026-07-15T00:28:21.979Z] > authorizing via signed-in user (schomer@google.com)
[debug] [2026-07-15T00:28:21.979Z] [iam] checking project malloy-data for permissions ["firebase.projects.get","firebasehosting.sites.update"]
[debug] [2026-07-15T00:28:21.983Z] Checked if tokens are valid: true, expires at: 1784078135198
[debug] [2026-07-15T00:28:21.984Z] Checked if tokens are valid: true, expires at: 1784078135198
[debug] [2026-07-15T00:28:21.984Z] >>> [apiv2][query] POST https://cloudresourcemanager.googleapis.com/v1/projects/malloy-data:testIamPermissions [none]
[debug] [2026-07-15T00:28:21.984Z] >>> [apiv2][(partial)header] POST https://cloudresourcemanager.googleapis.com/v1/projects/malloy-data:testIamPermissions  x-goog-user-project=malloy-data
[debug] [2026-07-15T00:28:21.984Z] >>> [apiv2][body] POST https://cloudresourcemanager.googleapis.com/v1/projects/malloy-data:testIamPermissions {"permissions":["firebase.projects.get","firebasehosting.sites.update"]}
[debug] [2026-07-15T00:28:22.251Z] <<< [apiv2][status] POST https://cloudresourcemanager.googleapis.com/v1/projects/malloy-data:testIamPermissions 200
[debug] [2026-07-15T00:28:22.251Z] <<< [apiv2][body] POST https://cloudresourcemanager.googleapis.com/v1/projects/malloy-data:testIamPermissions {"permissions":["firebase.projects.get","firebasehosting.sites.update"]}
[debug] [2026-07-15T00:28:22.251Z] Checked if tokens are valid: true, expires at: 1784078135198
[debug] [2026-07-15T00:28:22.252Z] Checked if tokens are valid: true, expires at: 1784078135198
[debug] [2026-07-15T00:28:22.252Z] >>> [apiv2][query] GET https://firebase.googleapis.com/v1beta1/projects/malloy-data [none]
[debug] [2026-07-15T00:28:22.854Z] <<< [apiv2][status] GET https://firebase.googleapis.com/v1beta1/projects/malloy-data 200
[debug] [2026-07-15T00:28:22.854Z] <<< [apiv2][body] GET https://firebase.googleapis.com/v1beta1/projects/malloy-data {"projectId":"malloy-data","projectNumber":"347391727005","displayName":"malloy-data","name":"projects/malloy-data","resources":{"hostingSite":"malloy-data"},"state":"ACTIVE","labels":{"firebase":"enabled","firebase/storage-default-bucket":"created","firebase.ai-integrations/builder":"ai-studio"},"etag":"1_1982ca7a-1c7a-4f37-96c8-08f0bbfdfe59"}
[info] 
[info] === Deploying to 'malloy-data'...
[info] 
[info] i  deploying hosting 
[debug] [2026-07-15T00:28:22.856Z] Checked if tokens are valid: true, expires at: 1784078135198
[debug] [2026-07-15T00:28:22.856Z] Checked if tokens are valid: true, expires at: 1784078135198
[debug] [2026-07-15T00:28:22.856Z] >>> [apiv2][query] GET https://firebasehosting.googleapis.com/v1beta1/projects/malloy-data/sites/bigqueryaif [none]
[debug] [2026-07-15T00:28:23.985Z] <<< [apiv2][status] GET https://firebasehosting.googleapis.com/v1beta1/projects/malloy-data/sites/bigqueryaif 200
[debug] [2026-07-15T00:28:23.985Z] <<< [apiv2][body] GET https://firebasehosting.googleapis.com/v1beta1/projects/malloy-data/sites/bigqueryaif {"name":"projects/malloy-data/sites/bigqueryaif","defaultUrl":"https://bigqueryaif.web.app","type":"USER_SITE"}
[debug] [2026-07-15T00:28:23.985Z] Checked if tokens are valid: true, expires at: 1784078135198
[debug] [2026-07-15T00:28:23.985Z] Checked if tokens are valid: true, expires at: 1784078135198
[debug] [2026-07-15T00:28:23.985Z] >>> [apiv2][query] POST https://firebasehosting.googleapis.com/v1beta1/projects/-/sites/bigqueryaif/versions [none]
[debug] [2026-07-15T00:28:23.985Z] >>> [apiv2][body] POST https://firebasehosting.googleapis.com/v1beta1/projects/-/sites/bigqueryaif/versions {"status":"CREATED","labels":{"deployment-tool":"cli-firebase"}}
